<?xml version="1.0" encoding="UTF-8" ?>
<testsuite failures="0" time="0.042" errors="0" skipped="0" tests="3" name="gdv.xport.satz.SpartenspezifischerTeilTest">
  <properties>
[...]
</properties>
  <testcase time="0" classname="gdv.xport.satz.SpartenspezifischerTeilTest" name="testSpartenspezifischerTeil70"/>
  <testcase time="0" classname="gdv.xport.satz.SpartenspezifischerTeilTest" name="testSparte30"/>
  <testcase time="0" classname="gdv.xport.satz.SpartenspezifischerTeilTest" name="testSparte30Teildatensatz9"/>
</testsuite>